<?xml version="1.0" encoding="UTF-8"?>
<!-- Generated by org.testng.reporters.JUnitXMLReporter -->
<testsuite ignored="2" hostname="MSI" failures="0" tests="1" name="Default test" time="71.786" errors="0" timestamp="2024-12-25T11:13:26 IST">
  <testcase classname="testLayer.LoginTest" name="loginUsingExcelData" time="65.104"/>
  <testcase classname="testLayer.LoginTest" name="Title" time="0.0">
    <ignored/>
  </testcase> <!-- Title -->
  <testcase classname="testLayer.LoginTest" name="loginAndOrder" time="0.0">
    <ignored/>
  </testcase> <!-- loginAndOrder -->
</testsuite> <!-- Default test -->
