<?xml version="1.0" encoding="UTF-8"?>
<testng-results ignored="0" total="1" passed="1" failed="0" skipped="0">
  <reporter-output>
  </reporter-output>
  <suite started-at="2024-12-25T11:12:14 IST" name="Default suite" finished-at="2024-12-25T11:13:26 IST" duration-ms="71786">
    <groups>
    </groups>
    <test started-at="2024-12-25T11:12:14 IST" name="Default test" finished-at="2024-12-25T11:13:26 IST" duration-ms="71786">
      <class name="testLayer.LoginTest">
        <test-method is-config="true" signature="initSetup()[pri:0, instance:testLayer.LoginTest@4b2bac3f]" started-at="2024-12-25T11:12:15 IST" name="initSetup" finished-at="2024-12-25T11:12:20 IST" duration-ms="4844" status="PASS">
          <reporter-output>
          </reporter-output>
        </test-method> <!-- initSetup -->
        <test-method signature="loginUsingExcelData(java.lang.String,java.lang.String)[pri:0, instance:testLayer.LoginTest@4b2bac3f]" started-at="2024-12-25T11:12:20 IST" name="loginUsingExcelData" data-provider="Details" finished-at="2024-12-25T11:13:25 IST" duration-ms="65104" status="PASS">
          <params>
            <param index="0">
              <value>
                <![CDATA[svkshrm@gmail.com]]>
              </value>
            </param>
            <param index="1">
              <value>
                <![CDATA[Souvik99$]]>
              </value>
            </param>
          </params>
          <reporter-output>
          </reporter-output>
        </test-method> <!-- loginUsingExcelData -->
        <test-method is-config="true" signature="close()[pri:0, instance:testLayer.LoginTest@4b2bac3f]" started-at="2024-12-25T11:13:25 IST" name="close" finished-at="2024-12-25T11:13:26 IST" duration-ms="1172" status="PASS">
          <reporter-output>
          </reporter-output>
        </test-method> <!-- close -->
      </class> <!-- testLayer.LoginTest -->
    </test> <!-- Default test -->
  </suite> <!-- Default suite -->
</testng-results>
